::1 - - [11/May/2025:16:01:35 +0000] "GET /api/books HTTP/1.1" 200 2 "-" "PostmanRuntime/7.43.4"
::1 - - [11/May/2025:16:01:43 +0000] "POST /api/books HTTP/1.1" 200 144 "-" "PostmanRuntime/7.43.4"
::1 - - [11/May/2025:16:02:05 +0000] "PUT /api/books/pickup?id=08c98a69-8bf8-4f54-b47f-662b8accb664 HTTP/1.1" 404 - "-" "PostmanRuntime/7.43.4"
::1 - - [11/May/2025:16:02:59 +0000] "PUT /api/books/pickup?id=925dd685-d655-41ff-8848-649fc5ce2f1b HTTP/1.1" 200 14 "-" "PostmanRuntime/7.43.4"
::1 - - [11/May/2025:16:03:47 +0000] "PUT /api/books/return?id=925dd685-d655-41ff-8848-649fc5ce2f1b HTTP/1.1" 200 13 "-" "PostmanRuntime/7.43.4"
::1 - - [14/May/2025:15:53:57 +0000] "GET /api/books HTTP/1.1" 200 2 "-" "PostmanRuntime/7.43.4"
::1 - - [14/May/2025:15:54:11 +0000] "POST /api/books HTTP/1.1" 200 141 "-" "PostmanRuntime/7.43.4"
::1 - - [14/May/2025:15:54:32 +0000] "PUT /api/books/pickup?id=e1ba05a7-ae0e-4d05-ba65-8324d6114709 HTTP/1.1" 200 14 "-" "PostmanRuntime/7.43.4"
::1 - - [14/May/2025:15:54:39 +0000] "GET /api/books HTTP/1.1" 200 142 "-" "PostmanRuntime/7.43.4"
::1 - - [14/May/2025:15:54:58 +0000] "GET /api/books/genre?genre=adventure HTTP/1.1" 200 65 "-" "PostmanRuntime/7.43.4"
::1 - - [14/May/2025:15:55:29 +0000] "PUT /api/books/return?id=e1ba05a7-ae0e-4d05-ba65-8324d6114709 HTTP/1.1" 200 13 "-" "PostmanRuntime/7.43.4"
::1 - - [14/May/2025:15:55:36 +0000] "GET /api/books HTTP/1.1" 200 186 "-" "PostmanRuntime/7.43.4"
::1 - - [14/May/2025:17:20:24 +0000] "POST /api/books HTTP/1.1" 200 141 "-" "PostmanRuntime/7.43.4"
::1 - - [14/May/2025:17:21:07 +0000] "POST /api/books HTTP/1.1" 200 144 "-" "PostmanRuntime/7.43.4"
::1 - - [14/May/2025:17:21:12 +0000] "POST /api/books HTTP/1.1" 400 - "-" "PostmanRuntime/7.43.4"
::1 - - [14/May/2025:17:21:19 +0000] "POST /api/books HTTP/1.1" 200 144 "-" "PostmanRuntime/7.43.4"
::1 - - [14/May/2025:17:21:56 +0000] "POST /api/books HTTP/1.1" 200 137 "-" "PostmanRuntime/7.43.4"
::1 - - [14/May/2025:17:23:47 +0000] "PUT /api/books/pickup?id=91d47ac3-ebe7-41cc-af75-e73a3850c1f0 HTTP/1.1" 200 14 "-" "PostmanRuntime/7.43.4"
::1 - - [14/May/2025:17:24:00 +0000] "GET /api/books HTTP/1.1" 200 734 "-" "PostmanRuntime/7.43.4"
::1 - - [14/May/2025:17:24:22 +0000] "PUT /api/books/return?id=91d47ac3-ebe7-41cc-af75-e73a3850c1f0 HTTP/1.1" 200 13 "-" "PostmanRuntime/7.43.4"
::1 - - [14/May/2025:17:24:30 +0000] "GET /api/books HTTP/1.1" 200 811 "-" "PostmanRuntime/7.43.4"
::1 - - [14/May/2025:17:26:29 +0000] "GET /api/books/genre?genre=dystopia HTTP/1.1" 200 61 "-" "PostmanRuntime/7.43.4"
::1 - - [14/May/2025:17:28:46 +0000] "POST /api/books HTTP/1.1" 200 151 "-" "PostmanRuntime/7.43.4"
::1 - - [14/May/2025:17:29:27 +0000] "POST /api/books HTTP/1.1" 200 144 "-" "PostmanRuntime/7.43.4"
::1 - - [14/May/2025:17:29:52 +0000] "PUT /api/books/pickup?id=3302f299-7bc9-4a8f-befa-d4f26353a5ea HTTP/1.1" 200 14 "-" "PostmanRuntime/7.43.4"
::1 - - [14/May/2025:17:30:02 +0000] "GET /api/books/genre?genre=dystopia HTTP/1.1" 200 202 "-" "PostmanRuntime/7.43.4"
::1 - - [14/May/2025:17:54:26 +0000] "GET /api/books/genre/status?genre=dystopia&status=on_hand HTTP/1.1" 200 186 "-" "PostmanRuntime/7.43.4"
::1 - - [14/May/2025:17:55:53 +0000] "GET /api/books/genre/status?genre=dystopia&status=on_stock HTTP/1.1" 200 449 "-" "PostmanRuntime/7.43.4"
::1 - - [18/May/2025:17:48:33 +0000] "POST /api/books HTTP/1.1" 200 144 "-" "PostmanRuntime/7.43.4"
::1 - - [18/May/2025:17:49:06 +0000] "GET /api/books HTTP/1.1" 200 1375 "-" "PostmanRuntime/7.43.4"
::1 - - [18/May/2025:17:50:43 +0000] "GET /api/books HTTP/1.1" 200 8548 "-" "PostmanRuntime/7.43.4"
::1 - - [18/May/2025:17:51:33 +0000] "POST /api/books HTTP/1.1" 500 - "-" "PostmanRuntime/7.43.4"
::1 - - [18/May/2025:17:56:18 +0000] "POST /api/books HTTP/1.1" 200 144 "-" "PostmanRuntime/7.43.4"
::1 - - [18/May/2025:17:56:37 +0000] "GET /api/books HTTP/1.1" 200 9606 "-" "PostmanRuntime/7.43.4"
::1 - - [18/May/2025:18:00:34 +0000] "GET /api/books HTTP/1.1" 200 9606 "-" "PostmanRuntime/7.43.4"
::1 - - [18/May/2025:18:01:40 +0000] "POST /api/books HTTP/1.1" 200 144 "-" "PostmanRuntime/7.43.4"
::1 - - [18/May/2025:18:01:50 +0000] "GET /api/books HTTP/1.1" 200 11245 "-" "PostmanRuntime/7.43.4"
::1 - - [20/May/2025:21:08:31 +0000] "GET / HTTP/1.1" 404 139 "-" "PostmanRuntime/7.43.4"
::1 - - [20/May/2025:21:15:34 +0000] "POST /api/books HTTP/1.1" 500 - "-" "PostmanRuntime/7.43.4"
::1 - - [20/May/2025:21:15:53 +0000] "POST /api/books HTTP/1.1" 500 - "-" "PostmanRuntime/7.43.4"
::1 - - [20/May/2025:21:15:59 +0000] "POST /api/books HTTP/1.1" 500 - "-" "PostmanRuntime/7.43.4"
::1 - - [20/May/2025:21:16:02 +0000] "GET /api/books HTTP/1.1" 500 - "-" "PostmanRuntime/7.43.4"
::1 - - [20/May/2025:21:16:27 +0000] "GET /api/ HTTP/1.1" 404 143 "-" "PostmanRuntime/7.43.4"
::1 - - [20/May/2025:21:16:34 +0000] "POST /api/ HTTP/1.1" 404 144 "-" "PostmanRuntime/7.43.4"
::1 - - [20/May/2025:21:17:01 +0000] "POST /api/ HTTP/1.1" 404 144 "-" "PostmanRuntime/7.43.4"
::1 - - [20/May/2025:21:17:09 +0000] "GET / HTTP/1.1" 404 139 "-" "PostmanRuntime/7.43.4"
::1 - - [20/May/2025:21:17:59 +0000] "GET /api/books HTTP/1.1" 500 - "-" "PostmanRuntime/7.43.4"
::1 - - [20/May/2025:21:18:35 +0000] "GET /api/books HTTP/1.1" 500 - "-" "PostmanRuntime/7.43.4"
::1 - - [20/May/2025:21:19:56 +0000] "GET /api/books HTTP/1.1" 500 - "-" "PostmanRuntime/7.43.4"
::1 - - [20/May/2025:21:20:01 +0000] "GET /api/books HTTP/1.1" 500 - "-" "PostmanRuntime/7.43.4"
::1 - - [20/May/2025:21:21:14 +0000] "GET /api/books HTTP/1.1" 500 - "-" "PostmanRuntime/7.43.4"
::1 - - [20/May/2025:21:22:11 +0000] "GET /api/books HTTP/1.1" 500 - "-" "PostmanRuntime/7.43.4"
::1 - - [20/May/2025:21:31:02 +0000] "GET / HTTP/1.1" 404 139 "-" "Mozilla/5.0 (Windows NT 10.0; Win64; x64) AppleWebKit/537.36 (KHTML, like Gecko) Chrome/134.0.0.0 YaBrowser/25.4.0.0 Safari/537.36"
::1 - - [20/May/2025:21:31:49 +0000] "GET / HTTP/1.1" 404 139 "-" "Mozilla/5.0 (Windows NT 10.0; Win64; x64) AppleWebKit/537.36 (KHTML, like Gecko) Chrome/134.0.0.0 YaBrowser/25.4.0.0 Safari/537.36"
::1 - - [20/May/2025:21:34:40 +0000] "GET /api/books HTTP/1.1" 500 - "-" "PostmanRuntime/7.43.4"
::1 - - [20/May/2025:21:34:59 +0000] "GET /api/books HTTP/1.1" 500 - "-" "PostmanRuntime/7.43.4"
::1 - - [20/May/2025:21:36:34 +0000] "GET /api/books HTTP/1.1" 200 600 "-" "PostmanRuntime/7.43.4"
::1 - - [20/May/2025:21:39:23 +0000] "GET /api/books/genre/sci-fi HTTP/1.1" 404 161 "-" "PostmanRuntime/7.43.4"
::1 - - [20/May/2025:21:39:46 +0000] "PUT /api/books/pickup?id=1 HTTP/1.1" 400 - "-" "PostmanRuntime/7.43.4"
::1 - - [20/May/2025:21:40:39 +0000] "GET /api/books/genre/status?genre=fantasy&status=on_stock HTTP/1.1" 200 129 "-" "PostmanRuntime/7.43.4"
::1 - - [20/May/2025:21:41:41 +0000] "PUT /api/books/pickup?id=3 HTTP/1.1" 400 - "-" "PostmanRuntime/7.43.4"
::1 - - [20/May/2025:21:41:48 +0000] "PUT /api/books/pickup?id=4 HTTP/1.1" 400 - "-" "PostmanRuntime/7.43.4"
::1 - - [20/May/2025:21:41:52 +0000] "PUT /api/books/pickup?id=5 HTTP/1.1" 400 - "-" "PostmanRuntime/7.43.4"
::1 - - [20/May/2025:21:41:55 +0000] "PUT /api/books/pickup?id=3 HTTP/1.1" 400 - "-" "PostmanRuntime/7.43.4"
::1 - - [20/May/2025:21:41:58 +0000] "PUT /api/books/pickup?id=2 HTTP/1.1" 400 - "-" "PostmanRuntime/7.43.4"
::1 - - [20/May/2025:21:43:01 +0000] "GET /api/books/genre/%7Bgenre%7D HTTP/1.1" 404 166 "-" "PostmanRuntime/7.43.4"
::1 - - [20/May/2025:21:43:18 +0000] "GET /api/books/genre/sci-fi HTTP/1.1" 404 161 "-" "PostmanRuntime/7.43.4"
::1 - - [20/May/2025:21:44:10 +0000] "GET /api/readers HTTP/1.1" 404 150 "-" "PostmanRuntime/7.43.4"
::1 - - [20/May/2025:21:46:12 +0000] "POST /api/readers HTTP/1.1" 404 151 "-" "PostmanRuntime/7.43.4"
